[debug] [2020-02-25T07:06:58.588Z] ----------------------------------------------------------------------
[debug] [2020-02-25T07:06:58.590Z] Command:       C:\Program Files\nodejs\node.exe C:\Program Files\nodejs\node_modules\firebase-tools\lib\bin\firebase.js deploy --only hosting:admin
[debug] [2020-02-25T07:06:58.590Z] CLI Version:   7.13.1
[debug] [2020-02-25T07:06:58.590Z] Platform:      win32
[debug] [2020-02-25T07:06:58.590Z] Node Version:  v12.15.0
[debug] [2020-02-25T07:06:58.591Z] Time:          Tue Feb 25 2020 08:06:58 GMT+0100 (West Africa Standard Time)
[debug] [2020-02-25T07:06:58.591Z] ----------------------------------------------------------------------
[debug] [2020-02-25T07:06:58.591Z] 
[debug] [2020-02-25T07:06:58.597Z] > command requires scopes: ["email","openid","https://www.googleapis.com/auth/cloudplatformprojects.readonly","https://www.googleapis.com/auth/firebase","https://www.googleapis.com/auth/cloud-platform"]
[debug] [2020-02-25T07:06:58.598Z] > authorizing via signed-in user
[debug] [2020-02-25T07:06:58.598Z] [iam] checking project toksmeals for permissions ["firebase.projects.get","firebasehosting.sites.update"]
[debug] [2020-02-25T07:06:58.599Z] >>> HTTP REQUEST POST https://cloudresourcemanager.googleapis.com/v1/projects/toksmeals:testIamPermissions  

[debug] [2020-02-25T07:07:03.151Z] <<< HTTP RESPONSE 200
[debug] [2020-02-25T07:07:03.153Z] >>> HTTP REQUEST GET https://firebase.googleapis.com/v1beta1/projects/toksmeals  
 
[debug] [2020-02-25T07:07:14.313Z] <<< HTTP RESPONSE 200
[info] 
[info] === Deploying to 'toksmeals'...
[info] 
[info] i  deploying hosting
[info] 
[info] +  Deploy complete!
[info] 
[info] Project Console: https://console.firebase.google.com/project/toksmeals/overview
[debug] [2020-02-25T07:07:17.501Z] TypeError: Cannot read property 'deploys' of undefined
    at C:\Users\KEHUNDE\AppData\Roaming\nvm\v12.15.0\node_modules\firebase-tools\lib\deploy\index.js:84:36
    at processTicksAndRejections (internal/process/task_queues.js:94:5)
[error] 
[error] Error: An unexpected error has occurred.
